2025-10-28 17:21:45,096 [INFO] Activator:176 - 


2025-10-28 17:21:45,105 [INFO] Activator:177 - !SESSION log4j initialized
2025-10-28 17:21:54,040 [INFO] LogOutputStream:77 - [STDOUT_REDIRECT] 
2025-10-28 17:21:55,560 [INFO] ApplicationProperties:184 - Using Application install path: C:\ST\STM32CubeIDE_1.19.0\STM32CubeIDE\plugins\com.st.stm32cube.common.mx_6.15.0.202507011659
2025-10-28 17:21:55,585 [INFO] DbMcusXml:78 - Set database path to: C:\ST\STM32CubeIDE_1.19.0\STM32CubeIDE\plugins\com.st.stm32cube.common.mx_6.15.0.202507011659\\db\/mcu/
2025-10-28 17:21:55,586 [INFO] ApiDb:274 - Set plugin database path to: C:\ST\STM32CubeIDE_1.19.0\STM32CubeIDE\plugins\com.st.stm32cube.common.mx_6.15.0.202507011659\\db\/plugins/boardmanager/
2025-10-28 17:21:55,586 [WARN] ApiDb:259 - Overriding images path with different value:  => C:\ST\STM32CubeIDE_1.19.0\STM32CubeIDE\plugins\com.st.stm32cube.common.mx_6.15.0.202507011659\\db\/plugins/mcufinder/images/
2025-10-28 17:21:55,597 [INFO] ApiDb:250 - Set database path to: C:\Users\antgr\.stmcufinder\plugins\mcufinder//mcu/
2025-10-28 17:21:55,599 [INFO] DbMcusAds:125 - Set database path to: C:\Users\antgr\.stmcufinder\plugins\mcufinder//mcu/
2025-10-28 17:21:55,603 [INFO] CrossReferenceDbSqlite:203 - Set database path to: C:\Users\antgr\.stmcufinder\plugins\mcufinder//mcu/cs/
2025-10-28 17:21:55,763 [INFO] RulesReader:64 - Compatibility file has been processed (317 Rules)
2025-10-28 17:21:55,983 [INFO] DbMcusXml:78 - Set database path to: C:\ST\STM32CubeIDE_1.19.0\STM32CubeIDE\plugins\com.st.stm32cube.common.mx_6.15.0.202507011659\\db\/mcu/
2025-10-28 17:21:55,983 [INFO] ApiDb:274 - Set plugin database path to: C:\ST\STM32CubeIDE_1.19.0\STM32CubeIDE\plugins\com.st.stm32cube.common.mx_6.15.0.202507011659\\db\/plugins/boardmanager/
2025-10-28 17:21:55,983 [INFO] ApiDb:261 - Set plugin images path to: C:\ST\STM32CubeIDE_1.19.0\STM32CubeIDE\plugins\com.st.stm32cube.common.mx_6.15.0.202507011659\\db\/plugins/mcufinder/images/
2025-10-28 17:21:55,983 [WARN] DbFile:41 - Overriding database path with different value: C:\Users\antgr\.stmcufinder\plugins\mcufinder/ => C:\Users\antgr\.stmcufinder\plugins\mcufinder
2025-10-28 17:21:55,984 [INFO] ApiDb:250 - Set database path to: C:\Users\antgr\.stmcufinder\plugins\mcufinder//mcu/
2025-10-28 17:21:55,984 [WARN] DbFile:41 - Overriding database path with different value: C:\Users\antgr\.stmcufinder\plugins\mcufinder/ => C:\Users\antgr\.stmcufinder\plugins\mcufinder
2025-10-28 17:21:55,984 [INFO] DbMcusAds:125 - Set database path to: C:\Users\antgr\.stmcufinder\plugins\mcufinder//mcu/
2025-10-28 17:21:55,984 [WARN] DbFile:41 - Overriding database path with different value: C:\Users\antgr\.stmcufinder\plugins\mcufinder/ => C:\Users\antgr\.stmcufinder\plugins\mcufinder
2025-10-28 17:21:55,984 [WARN] DbFile:41 - Overriding database path with different value: C:\Users\antgr\.stmcufinder\plugins\mcufinder/ => C:\Users\antgr\.stmcufinder\plugins\mcufinder
2025-10-28 17:21:55,984 [INFO] CrossReferenceDbSqlite:203 - Set database path to: C:\Users\antgr\.stmcufinder\plugins\mcufinder//mcu/cs/
2025-10-28 17:21:56,115 [INFO] MainPanel:274 - HeapMemory: 268435456
2025-10-28 17:21:56,266 [INFO] DbMcusXml:78 - Set database path to: C:\ST\STM32CubeIDE_1.19.0\STM32CubeIDE\plugins\com.st.stm32cube.common.mx_6.15.0.202507011659\\db\/mcu/
2025-10-28 17:21:56,266 [INFO] ApiDb:274 - Set plugin database path to: C:\ST\STM32CubeIDE_1.19.0\STM32CubeIDE\plugins\com.st.stm32cube.common.mx_6.15.0.202507011659\\db\/plugins/boardmanager/
2025-10-28 17:21:56,266 [INFO] ApiDb:261 - Set plugin images path to: C:\ST\STM32CubeIDE_1.19.0\STM32CubeIDE\plugins\com.st.stm32cube.common.mx_6.15.0.202507011659\\db\/plugins/mcufinder/images/
2025-10-28 17:21:56,266 [WARN] DbFile:41 - Overriding database path with different value: C:\Users\antgr\.stmcufinder\plugins\mcufinder/ => C:\Users\antgr\.stmcufinder\plugins\mcufinder
2025-10-28 17:21:56,267 [INFO] ApiDb:250 - Set database path to: C:\Users\antgr\.stmcufinder\plugins\mcufinder//mcu/
2025-10-28 17:21:56,267 [WARN] DbFile:41 - Overriding database path with different value: C:\Users\antgr\.stmcufinder\plugins\mcufinder/ => C:\Users\antgr\.stmcufinder\plugins\mcufinder
2025-10-28 17:21:56,267 [INFO] DbMcusAds:125 - Set database path to: C:\Users\antgr\.stmcufinder\plugins\mcufinder//mcu/
2025-10-28 17:21:56,267 [WARN] DbFile:41 - Overriding database path with different value: C:\Users\antgr\.stmcufinder\plugins\mcufinder/ => C:\Users\antgr\.stmcufinder\plugins\mcufinder
2025-10-28 17:21:56,267 [WARN] DbFile:41 - Overriding database path with different value: C:\Users\antgr\.stmcufinder\plugins\mcufinder/ => C:\Users\antgr\.stmcufinder\plugins\mcufinder
2025-10-28 17:21:56,267 [INFO] CrossReferenceDbSqlite:203 - Set database path to: C:\Users\antgr\.stmcufinder\plugins\mcufinder//mcu/cs/
2025-10-28 17:21:56,296 [INFO] ApplicationProperties:184 - Using Application install path: C:\ST\STM32CubeIDE_1.19.0\STM32CubeIDE\plugins\com.st.stm32cube.common.mx_6.15.0.202507011659
2025-10-28 17:21:56,298 [INFO] PluginManage:196 - Search for loadable plugins [exclusion list=, ]
2025-10-28 17:21:56,300 [INFO] PluginManage:310 - Check plugin analytics
2025-10-28 17:21:56,690 [INFO] AnalyticsPlugin:253 - Accepted Software Licenses: STM32CubeMX.6.15.0
2025-10-28 17:21:56,690 [INFO] AnalyticsPlugin:255 - Accepted CMSIS Pack Licenses: 
2025-10-28 17:21:56,690 [INFO] AnalyticsPlugin:257 - Accepted Firmware Licenses: FW.C0.1.4.0
2025-10-28 17:21:56,698 [INFO] PluginManage:359 - Loaded plugin analytics (category:tool,tabindex:-1)
2025-10-28 17:21:56,699 [INFO] PluginManage:310 - Check plugin cadmodel
2025-10-28 17:21:56,711 [INFO] CADModel:105 - Init CAD model plugin
2025-10-28 17:21:56,711 [INFO] PluginManage:359 - Loaded plugin cadmodel (category:power,tabindex:5)
2025-10-28 17:21:56,712 [INFO] PluginManage:310 - Check plugin clock
2025-10-28 17:21:56,739 [INFO] PluginManage:359 - Loaded plugin clock (category:base,tabindex:2)
2025-10-28 17:21:56,739 [INFO] PluginManage:310 - Check plugin ddr
2025-10-28 17:21:56,747 [INFO] PluginManage:359 - Loaded plugin ddr (category:tool,tabindex:6)
2025-10-28 17:21:56,748 [INFO] PluginManage:310 - Check plugin filemanager
2025-10-28 17:21:56,992 [INFO] PluginManage:359 - Loaded plugin filemanager (category:base,tabindex:10)
2025-10-28 17:21:56,992 [INFO] PluginManage:310 - Check plugin ipmanager
2025-10-28 17:21:57,016 [INFO] PluginManage:359 - Loaded plugin ipmanager (category:base,tabindex:5)
2025-10-28 17:21:57,016 [INFO] PluginManage:310 - Check plugin lpbam
2025-10-28 17:21:57,027 [INFO] PluginManage:359 - Loaded plugin lpbam (category:base,tabindex:0)
2025-10-28 17:21:57,027 [INFO] PluginManage:310 - Check plugin memorymap
2025-10-28 17:21:57,046 [INFO] PluginManage:359 - Loaded plugin memorymap (category:base,tabindex:4)
2025-10-28 17:21:57,046 [INFO] PluginManage:310 - Check plugin pinoutandconfiguration
2025-10-28 17:21:57,057 [INFO] PluginManage:359 - Loaded plugin pinoutandconfiguration (category:base,tabindex:1)
2025-10-28 17:21:57,057 [INFO] PluginManage:310 - Check plugin pinoutconfig
2025-10-28 17:21:57,168 [WARN] SupportedApi:132 - Cannot load RTOS API schema: s4s-elt-must-match.1: The content of 'definitions' must match (annotation?, (simpleType | complexType)?, (unique | key | keyref)*)). A problem was found starting at: attribute.
2025-10-28 17:21:57,339 [INFO] PluginManage:359 - Loaded plugin pinoutconfig (category:base,tabindex:0)
2025-10-28 17:21:57,339 [INFO] PluginManage:310 - Check plugin power
2025-10-28 17:21:57,349 [INFO] PluginManage:359 - Loaded plugin power (category:power,tabindex:4)
2025-10-28 17:21:57,350 [INFO] PluginManage:310 - Check plugin projectmanager
2025-10-28 17:21:57,372 [INFO] PluginManage:359 - Loaded plugin projectmanager (category:projectmanager,tabindex:4)
2025-10-28 17:21:57,373 [INFO] PluginManage:310 - Check plugin rif
2025-10-28 17:21:57,387 [INFO] PluginManage:359 - Loaded plugin rif (category:base,tabindex:3)
2025-10-28 17:21:57,387 [INFO] PluginManage:310 - Check plugin thirdparty
2025-10-28 17:21:57,588 [WARN] IntegrityCheckThread:84 - waiting for thirdparty lock release [integrity check]
2025-10-28 17:21:57,588 [INFO] IntegrityCheckThread:86 - entering critical section [integrity check]
2025-10-28 17:21:57,589 [INFO] ThirdPartyUpdaterWithRetryManager:70 - Updater plugin not ready yet. [1/15]
2025-10-28 17:21:57,589 [INFO] PluginManage:359 - Loaded plugin thirdparty (category:base,tabindex:-1)
2025-10-28 17:21:57,589 [INFO] PluginManage:310 - Check plugin tools
2025-10-28 17:21:57,596 [INFO] PluginManage:359 - Loaded plugin tools (category:base,tabindex:7)
2025-10-28 17:21:57,596 [INFO] PluginManage:310 - Check plugin tutovideos
2025-10-28 17:21:57,904 [INFO] PluginManage:359 - Loaded plugin tutovideos (category:base,tabindex:-1)
2025-10-28 17:21:57,905 [INFO] PluginManage:310 - Check plugin updater
2025-10-28 17:21:57,935 [INFO] PluginManage:359 - Loaded plugin updater (category:base,tabindex:12)
2025-10-28 17:21:57,935 [INFO] PluginManage:310 - Check plugin userauth
2025-10-28 17:21:57,941 [INFO] UserAuth:118 - Init User Auth plugin
2025-10-28 17:21:57,943 [INFO] PluginManage:359 - Loaded plugin userauth (category:base,tabindex:14)
2025-10-28 17:21:57,943 [INFO] PluginManage:283 - PluginManage : Loaded plugins [18]
2025-10-28 17:21:58,411 [INFO] PinOutPanel:1589 - setPackage(No Configuration,No Configuration)
2025-10-28 17:21:58,735 [INFO] CADModel:165 - CPN selected for project level
2025-10-28 17:21:58,736 [INFO] CADModel:114 - Register for checkConnection events
2025-10-28 17:21:58,777 [INFO] IPUIPlugin:80 - create IPUIPlugin
2025-10-28 17:21:58,778 [INFO] PluginManager:220 - loadIPPluginJar : add adc
2025-10-28 17:21:58,783 [INFO] IPUIPlugin:80 - create IPUIPlugin
2025-10-28 17:21:58,784 [INFO] PluginManager:220 - loadIPPluginJar : add aes
2025-10-28 17:21:58,789 [INFO] IPUIPlugin:80 - create IPUIPlugin
2025-10-28 17:21:58,789 [INFO] PluginManager:220 - loadIPPluginJar : add can
2025-10-28 17:21:58,794 [INFO] IPUIPlugin:80 - create IPUIPlugin
2025-10-28 17:21:58,794 [INFO] PluginManager:220 - loadIPPluginJar : add comp
2025-10-28 17:21:58,799 [INFO] IPUIPlugin:80 - create IPUIPlugin
2025-10-28 17:21:58,799 [INFO] PluginManager:220 - loadIPPluginJar : add cryp
2025-10-28 17:21:58,808 [INFO] IPUIPlugin:80 - create IPUIPlugin
2025-10-28 17:21:58,808 [INFO] PluginManager:220 - loadIPPluginJar : add ddr_ctrl_phy
2025-10-28 17:21:58,814 [INFO] IPUIPlugin:80 - create IPUIPlugin
2025-10-28 17:21:58,814 [INFO] PluginManager:220 - loadIPPluginJar : add dfsdm
2025-10-28 17:21:58,823 [INFO] IPUIPlugin:80 - create IPUIPlugin
2025-10-28 17:21:58,825 [INFO] PluginManager:220 - loadIPPluginJar : add dma
2025-10-28 17:21:58,831 [INFO] IPUIPlugin:80 - create IPUIPlugin
2025-10-28 17:21:58,831 [INFO] PluginManager:220 - loadIPPluginJar : add dma3
2025-10-28 17:21:58,836 [INFO] IPUIPlugin:80 - create IPUIPlugin
2025-10-28 17:21:58,836 [INFO] PluginManager:220 - loadIPPluginJar : add extmemmanager
2025-10-28 17:21:58,840 [INFO] IPUIPlugin:80 - create IPUIPlugin
2025-10-28 17:21:58,840 [INFO] PluginManager:220 - loadIPPluginJar : add fatfs
2025-10-28 17:21:58,847 [INFO] IPUIPlugin:80 - create IPUIPlugin
2025-10-28 17:21:58,847 [INFO] PluginManager:220 - loadIPPluginJar : add fmc
2025-10-28 17:21:58,858 [INFO] IPUIPlugin:80 - create IPUIPlugin
2025-10-28 17:21:58,858 [INFO] PluginManager:220 - loadIPPluginJar : add freertos
2025-10-28 17:21:58,860 [INFO] IPUIPlugin:80 - create IPUIPlugin
2025-10-28 17:21:58,860 [INFO] PluginManager:220 - loadIPPluginJar : add genericplugin
2025-10-28 17:21:58,863 [INFO] IPUIPlugin:80 - create IPUIPlugin
2025-10-28 17:21:58,863 [INFO] PluginManager:220 - loadIPPluginJar : add gfxmmu
2025-10-28 17:21:58,870 [INFO] IPUIPlugin:80 - create IPUIPlugin
2025-10-28 17:21:58,870 [INFO] PluginManager:220 - loadIPPluginJar : add gic
2025-10-28 17:21:58,876 [INFO] IPUIPlugin:80 - create IPUIPlugin
2025-10-28 17:21:58,876 [INFO] PluginManager:220 - loadIPPluginJar : add gpio
2025-10-28 17:21:58,881 [INFO] IPUIPlugin:80 - create IPUIPlugin
2025-10-28 17:21:58,881 [INFO] PluginManager:220 - loadIPPluginJar : add gtzc
2025-10-28 17:21:58,885 [INFO] IPUIPlugin:80 - create IPUIPlugin
2025-10-28 17:21:58,885 [INFO] PluginManager:220 - loadIPPluginJar : add hash
2025-10-28 17:21:58,889 [INFO] IPUIPlugin:80 - create IPUIPlugin
2025-10-28 17:21:58,890 [INFO] PluginManager:220 - loadIPPluginJar : add i2c
2025-10-28 17:21:58,893 [INFO] IPUIPlugin:80 - create IPUIPlugin
2025-10-28 17:21:58,893 [INFO] PluginManager:220 - loadIPPluginJar : add i2s
2025-10-28 17:21:58,899 [INFO] IPUIPlugin:80 - create IPUIPlugin
2025-10-28 17:21:58,899 [INFO] PluginManager:220 - loadIPPluginJar : add i3c
2025-10-28 17:21:58,905 [INFO] IPUIPlugin:80 - create IPUIPlugin
2025-10-28 17:21:58,905 [INFO] PluginManager:220 - loadIPPluginJar : add ipddr
2025-10-28 17:21:58,916 [INFO] IPUIPlugin:80 - create IPUIPlugin
2025-10-28 17:21:58,916 [INFO] PluginManager:220 - loadIPPluginJar : add linkedlist
2025-10-28 17:21:58,921 [INFO] IPUIPlugin:80 - create IPUIPlugin
2025-10-28 17:21:58,922 [INFO] PluginManager:220 - loadIPPluginJar : add lorawan
2025-10-28 17:21:58,924 [INFO] IPUIPlugin:80 - create IPUIPlugin
2025-10-28 17:21:58,924 [INFO] PluginManager:220 - loadIPPluginJar : add ltdc
2025-10-28 17:21:58,932 [INFO] IPUIPlugin:80 - create IPUIPlugin
2025-10-28 17:21:58,933 [INFO] PluginManager:220 - loadIPPluginJar : add mdma
2025-10-28 17:21:58,942 [INFO] IPUIPlugin:80 - create IPUIPlugin
2025-10-28 17:21:58,942 [INFO] PluginManager:220 - loadIPPluginJar : add nvic
2025-10-28 17:21:58,948 [INFO] IPUIPlugin:80 - create IPUIPlugin
2025-10-28 17:21:58,948 [INFO] PluginManager:220 - loadIPPluginJar : add opamp
2025-10-28 17:21:58,952 [INFO] IPUIPlugin:80 - create IPUIPlugin
2025-10-28 17:21:58,952 [INFO] PluginManager:220 - loadIPPluginJar : add openamp
2025-10-28 17:21:58,957 [INFO] IPUIPlugin:80 - create IPUIPlugin
2025-10-28 17:21:58,957 [INFO] PluginManager:220 - loadIPPluginJar : add pdm2pcm
2025-10-28 17:21:58,977 [INFO] IPUIPlugin:80 - create IPUIPlugin
2025-10-28 17:21:58,981 [INFO] PluginManager:220 - loadIPPluginJar : add plateformsettings
2025-10-28 17:21:58,985 [INFO] IPUIPlugin:80 - create IPUIPlugin
2025-10-28 17:21:58,985 [INFO] PluginManager:220 - loadIPPluginJar : add quadspi
2025-10-28 17:21:58,988 [INFO] IPUIPlugin:80 - create IPUIPlugin
2025-10-28 17:21:58,989 [INFO] PluginManager:220 - loadIPPluginJar : add radio
2025-10-28 17:21:58,996 [INFO] IPUIPlugin:80 - create IPUIPlugin
2025-10-28 17:21:58,997 [INFO] PluginManager:220 - loadIPPluginJar : add resmgrutility
2025-10-28 17:21:59,021 [INFO] IPUIPlugin:80 - create IPUIPlugin
2025-10-28 17:21:59,022 [INFO] PluginManager:220 - loadIPPluginJar : add sai
2025-10-28 17:21:59,026 [INFO] IPUIPlugin:80 - create IPUIPlugin
2025-10-28 17:21:59,027 [INFO] PluginManager:220 - loadIPPluginJar : add spi
2025-10-28 17:21:59,034 [INFO] IPUIPlugin:80 - create IPUIPlugin
2025-10-28 17:21:59,034 [INFO] PluginManager:220 - loadIPPluginJar : add stm32_wpan
2025-10-28 17:21:59,038 [INFO] IPUIPlugin:80 - create IPUIPlugin
2025-10-28 17:21:59,038 [INFO] PluginManager:220 - loadIPPluginJar : add tim
2025-10-28 17:21:59,043 [INFO] IPUIPlugin:80 - create IPUIPlugin
2025-10-28 17:21:59,044 [INFO] PluginManager:220 - loadIPPluginJar : add touchsensing
2025-10-28 17:21:59,046 [INFO] IPUIPlugin:80 - create IPUIPlugin
2025-10-28 17:21:59,047 [INFO] PluginManager:220 - loadIPPluginJar : add tracer_emb
2025-10-28 17:21:59,049 [INFO] IPUIPlugin:80 - create IPUIPlugin
2025-10-28 17:21:59,049 [INFO] PluginManager:220 - loadIPPluginJar : add ts
2025-10-28 17:21:59,051 [INFO] IPUIPlugin:80 - create IPUIPlugin
2025-10-28 17:21:59,052 [INFO] PluginManager:220 - loadIPPluginJar : add tsc
2025-10-28 17:21:59,053 [INFO] IPUIPlugin:80 - create IPUIPlugin
2025-10-28 17:21:59,054 [INFO] PluginManager:220 - loadIPPluginJar : add ucpd
2025-10-28 17:21:59,057 [INFO] IPUIPlugin:80 - create IPUIPlugin
2025-10-28 17:21:59,057 [INFO] PluginManager:220 - loadIPPluginJar : add usart
2025-10-28 17:21:59,061 [INFO] IPUIPlugin:80 - create IPUIPlugin
2025-10-28 17:21:59,061 [INFO] PluginManager:220 - loadIPPluginJar : add usbx
2025-10-28 17:21:59,220 [FATAL] Updater:351 - Updater called before beeing initialized
2025-10-28 17:21:59,248 [INFO] RulesReader:64 - Compatibility file has been processed (317 Rules)
2025-10-28 17:21:59,258 [INFO] RulesReader:64 - Compatibility file has been processed (317 Rules)
2025-10-28 17:21:59,275 [INFO] CADModel:165 - CPN selected for project level
2025-10-28 17:21:59,275 [INFO] CADModel:114 - Register for checkConnection events
2025-10-28 17:21:59,275 [FATAL] Updater:351 - Updater called before beeing initialized
2025-10-28 17:21:59,276 [ERROR] CADModel:125 - Updater not yet initialized, retry later 
2025-10-28 17:21:59,520 [FATAL] Updater:351 - Updater called before beeing initialized
2025-10-28 17:21:59,522 [INFO] CADModel:165 - CPN selected for project level
2025-10-28 17:21:59,522 [INFO] CADModel:114 - Register for checkConnection events
2025-10-28 17:21:59,522 [FATAL] Updater:351 - Updater called before beeing initialized
2025-10-28 17:21:59,522 [ERROR] CADModel:125 - Updater not yet initialized, retry later 
2025-10-28 17:21:59,526 [FATAL] Updater:351 - Updater called before beeing initialized
2025-10-28 17:21:59,698 [FATAL] Updater:351 - Updater called before beeing initialized
2025-10-28 17:21:59,702 [INFO] DbMcusAds:53 - JSON generation date=Thu Oct 02 05:36:05 EDT 2025 (1759397765645)
2025-10-28 17:21:59,702 [FATAL] Updater:351 - Updater called before beeing initialized
2025-10-28 17:21:59,753 [WARN] DetailPanel:346 - Failed to get advertising image, set to default
2025-10-28 17:21:59,857 [FATAL] Updater:351 - Updater called before beeing initialized
2025-10-28 17:21:59,859 [FATAL] Updater:351 - Updater called before beeing initialized
2025-10-28 17:21:59,860 [FATAL] Updater:351 - Updater called before beeing initialized
2025-10-28 17:21:59,860 [WARN] DetailPanel:346 - Failed to get advertising image, set to default
2025-10-28 17:21:59,861 [FATAL] Updater:351 - Updater called before beeing initialized
2025-10-28 17:21:59,921 [ERROR] Updater:1198 - MainUpdater not yet initialized. External WinMGr cannot be set.
2025-10-28 17:21:59,924 [INFO] Updater:1134 - Updater Version found : 6.15.0
2025-10-28 17:21:59,943 [INFO] ApplicationProperties:184 - Using Application install path: C:\ST\STM32CubeIDE_1.19.0\STM32CubeIDE\plugins\com.st.stm32cube.common.mx_6.15.0.202507011659
2025-10-28 17:22:00,590 [INFO] ThirdPartyUpdaterWithRetryManager:70 - Updater plugin not ready yet. [2/15]
2025-10-28 17:22:01,544 [ERROR] LogOutputStream:75 - [STDERR_REDIRECT] Oct 28, 2025 5:22:01 PM java.util.prefs.WindowsPreferences <init>
2025-10-28 17:22:01,546 [ERROR] LogOutputStream:75 - [STDERR_REDIRECT] WARNING: Could not open/create prefs root node Software\JavaSoft\Prefs at root 0xffffffff80000002. Windows RegCreateKeyEx(...) returned error code 5.
2025-10-28 17:22:01,546 [ERROR] LogOutputStream:75 - [STDERR_REDIRECT] 
2025-10-28 17:22:01,950 [INFO] MainUpdater:2872 - connection check result : 10
2025-10-28 17:22:01,952 [INFO] MainUpdater:289 - Updater Check For Update Now.
2025-10-28 17:22:01,952 [INFO] MicroXplorer:498 - Change Database Version : DB.6.0.150
2025-10-28 17:22:01,970 [INFO] McuFinderGlobals:63 - Set McuFinder mode to 2 (CubeIDE integrated)
2025-10-28 17:22:01,971 [INFO] UserAuth:487 - Internet connection configuration mode: 1
2025-10-28 17:22:02,018 [INFO] JxBrowserEngine:152 - Initiate JxBrowser Engine with user profile folder
2025-10-28 17:22:02,132 [INFO] CheckServerUpdateThread:120 - End of CheckServer Thread
2025-10-28 17:22:03,956 [WARN] PackLoader:240 - Cannot read IP mode file for STMicroelectronics.FP-SNS-MOTENVWB1.1.4.0
2025-10-28 17:22:03,966 [WARN] PackLoader:240 - Cannot read IP mode file for STMicroelectronics.FP-ATR-ASTRA1.2.0.2
2025-10-28 17:22:03,978 [WARN] PackLoader:240 - Cannot read IP mode file for STMicroelectronics.X-CUBE-SMBUS.2.1.0
2025-10-28 17:22:03,985 [WARN] PackLoader:240 - Cannot read IP mode file for STMicroelectronics.X-CUBE-ST60.1.0.0
2025-10-28 17:22:04,017 [WARN] PackLoader:240 - Cannot read IP mode file for STMicroelectronics.X-CUBE-AZRTOS-F7.1.1.0
2025-10-28 17:22:04,032 [WARN] PackLoader:240 - Cannot read IP mode file for STMicroelectronics.FP-SNS-MOTENV1.5.1.0
2025-10-28 17:22:04,059 [WARN] PackLoader:240 - Cannot read IP mode file for Infineon.AIROC-Wi-Fi-Bluetooth-STM32.1.7.1
2025-10-28 17:22:04,082 [WARN] PackLoader:240 - Cannot read IP mode file for STMicroelectronics.X-CUBE-AZRTOS-H7.3.4.0
2025-10-28 17:22:04,096 [WARN] PackLoader:240 - Cannot read IP mode file for STMicroelectronics.X-CUBE-DISPLAY.3.0.0
2025-10-28 17:22:04,113 [WARN] PackLoader:240 - Cannot read IP mode file for STMicroelectronics.X-CUBE-NFC10.1.0.0
2025-10-28 17:22:04,119 [WARN] PackLoader:240 - Cannot read IP mode file for STMicroelectronics.X-CUBE-ST60.1.1.0
2025-10-28 17:22:04,130 [WARN] PackLoader:240 - Cannot read IP mode file for emotas.I-CUBE-CANOPEN.1.3.0
2025-10-28 17:22:04,141 [WARN] PackLoader:240 - Cannot read IP mode file for STMicroelectronics.FP-SNS-STBOX1.2.1.0
2025-10-28 17:22:04,150 [WARN] PackLoader:240 - Cannot read IP mode file for STMicroelectronics.FP-SNS-SMARTAG2.1.2.0
2025-10-28 17:22:04,162 [WARN] PackLoader:240 - Cannot read IP mode file for STMicroelectronics.FP-SNS-FLIGHT1.5.1.0
2025-10-28 17:22:04,177 [INFO] LogOutputStream:77 - [STDOUT_REDIRECT] 1 : Invalid condition id : UX_CORESTACK_Condition cause : null
2025-10-28 17:22:04,179 [INFO] LogOutputStream:77 - [STDOUT_REDIRECT] 1 : Invalid condition id : UX_CORESTACK_Condition cause : null
2025-10-28 17:22:04,179 [INFO] LogOutputStream:77 - [STDOUT_REDIRECT] 1 : Invalid condition id : UX_CORESTACK_Condition cause : null
2025-10-28 17:22:04,180 [INFO] LogOutputStream:77 - [STDOUT_REDIRECT] 1 : Invalid condition id : UX_CORESTACK_Condition cause : null
2025-10-28 17:22:04,181 [INFO] LogOutputStream:77 - [STDOUT_REDIRECT] 1 : Invalid condition id : UX_CORESTACK_Condition cause : null
2025-10-28 17:22:04,183 [WARN] PackLoader:240 - Cannot read IP mode file for STMicroelectronics.X-CUBE-AZRTOS-WL.2.0.0
2025-10-28 17:22:04,191 [WARN] PackLoader:240 - Cannot read IP mode file for STMicroelectronics.FP-SNS-MOTENV1.5.0.0
2025-10-28 17:22:04,206 [WARN] PackLoader:240 - Cannot read IP mode file for WES.I-CUBE-Cesium.1.3.0
2025-10-28 17:22:04,216 [WARN] PackLoader:240 - Cannot read IP mode file for STMicroelectronics.X-CUBE-BLE2.3.3.0
2025-10-28 17:22:04,225 [WARN] PackLoader:240 - Cannot read IP mode file for STMicroelectronics.X-CUBE-NFC9.1.0.0
2025-10-28 17:22:04,235 [WARN] PackLoader:240 - Cannot read IP mode file for wolfSSL.I-CUBE-wolfSSL.5.8.2
2025-10-28 17:22:04,243 [WARN] PackLoader:240 - Cannot read IP mode file for STMicroelectronics.X-CUBE-BLE1.7.1.0
2025-10-28 17:22:04,250 [WARN] PackLoader:240 - Cannot read IP mode file for wolfSSL.I-CUBE-wolfMQTT.1.19.2
2025-10-28 17:22:04,260 [WARN] PackLoader:240 - Cannot read IP mode file for STMicroelectronics.X-CUBE-ST67W61.1.1.0
2025-10-28 17:22:04,269 [WARN] PackLoader:240 - Cannot read IP mode file for STMicroelectronics.X-CUBE-AI.10.1.0
2025-10-28 17:22:04,285 [WARN] PackLoader:240 - Cannot read IP mode file for STMicroelectronics.X-CUBE-AZRTOS-G0.1.1.0
2025-10-28 17:22:04,305 [WARN] PackLoader:240 - Cannot read IP mode file for STMicroelectronics.X-CUBE-SAFEA1.1.2.2
2025-10-28 17:22:04,316 [WARN] PackLoader:240 - Cannot read IP mode file for STMicroelectronics.X-CUBE-NFC4.3.0.0
2025-10-28 17:22:04,328 [WARN] PackLoader:240 - Cannot read IP mode file for EmbeddedOffice.I-CUBE-FS-RTOS.1.0.1
2025-10-28 17:22:04,340 [WARN] PackLoader:240 - Cannot read IP mode file for STMicroelectronics.X-CUBE-WB05N.2.0.0
2025-10-28 17:22:04,349 [WARN] PackLoader:240 - Cannot read IP mode file for wolfSSL.I-CUBE-wolfTPM.3.8.0
2025-10-28 17:22:04,359 [WARN] PackLoader:240 - Cannot read IP mode file for STMicroelectronics.X-CUBE-TCPP.4.2.0
2025-10-28 17:22:04,374 [WARN] PackLoader:240 - Cannot read IP mode file for RealThread.X-CUBE-RT-Thread_Nano.4.1.1
2025-10-28 17:22:04,383 [WARN] PackLoader:240 - Cannot read IP mode file for STMicroelectronics.FP-ATR-SIGFOX1.3.2.0
2025-10-28 17:22:04,397 [WARN] PackLoader:240 - Cannot read IP mode file for ITTIA_DB.I-CUBE-ITTIADB.8.9.0
2025-10-28 17:22:04,406 [WARN] PackLoader:240 - Cannot read IP mode file for STMicroelectronics.X-CUBE-ST67W61.1.0.0
2025-10-28 17:22:04,413 [WARN] PackLoader:240 - Cannot read IP mode file for STMicroelectronics.X-CUBE-AI.10.2.0
2025-10-28 17:22:04,435 [WARN] PackLoader:240 - Cannot read IP mode file for SEGGER.I-CUBE-embOS.1.3.1
2025-10-28 17:22:04,465 [WARN] PackLoader:240 - Cannot read IP mode file for STMicroelectronics.X-CUBE-ALGOBUILD.1.4.0
2025-10-28 17:22:04,503 [WARN] PackLoader:240 - Cannot read IP mode file for STMicroelectronics.X-CUBE-MEMS1.11.3.0
2025-10-28 17:22:04,649 [WARN] PackLoader:240 - Cannot read IP mode file for STMicroelectronics.X-CUBE-PM33A1.1.0.0
2025-10-28 17:22:04,669 [WARN] PackLoader:240 - Cannot read IP mode file for STMicroelectronics.X-CUBE-AZRTOS-F4.1.1.0
2025-10-28 17:22:04,679 [WARN] PackLoader:240 - Cannot read IP mode file for Avnet-IotConnect.X-CUBE-IoTC-DA16k-PMOD.1.0.0
2025-10-28 17:22:04,687 [WARN] PackLoader:240 - Cannot read IP mode file for STMicroelectronics.X-CUBE-ISPU.2.1.0
2025-10-28 17:22:04,700 [WARN] PackLoader:240 - Cannot read IP mode file for STMicroelectronics.X-CUBE-IPS.3.2.0
2025-10-28 17:22:04,716 [WARN] PackLoader:240 - Cannot read IP mode file for STMicroelectronics.X-CUBE-AZRTOS-L5.2.0.0
2025-10-28 17:22:04,727 [WARN] PackLoader:240 - Cannot read IP mode file for STMicroelectronics.X-CUBE-NFC6.3.1.0
2025-10-28 17:22:04,737 [WARN] PackLoader:240 - Cannot read IP mode file for STMicroelectronics.X-CUBE-FREERTOS.1.3.1
2025-10-28 17:22:04,749 [WARN] PackLoader:240 - Cannot read IP mode file for STMicroelectronics.X-CUBE-TOUCHGFX.4.26.0
2025-10-28 17:22:04,758 [WARN] PackLoader:240 - Cannot read IP mode file for STMicroelectronics.X-CUBE-DPower.1.3.0
2025-10-28 17:22:04,775 [WARN] ConditionMgr:438 - getConditionDescription Invalid condition id : LAN8742 Phy interface Condition cause : null
2025-10-28 17:22:04,776 [WARN] PackLoader:240 - Cannot read IP mode file for STMicroelectronics.X-CUBE-AZRTOS-L4.2.0.0
2025-10-28 17:22:04,777 [WARN] ConditionMgr:1044 - genDependencies : Invalid condition id : LAN8742 Phy interface Condition cause : null
2025-10-28 17:22:04,777 [WARN] ConditionMgr:1044 - genDependencies : Invalid condition id : LAN8742 Phy interface Condition cause : null
2025-10-28 17:22:04,777 [WARN] ConditionMgr:1044 - genDependencies : Invalid condition id : LAN8742 Phy interface Condition cause : null
2025-10-28 17:22:04,788 [WARN] PackLoader:240 - Cannot read IP mode file for STMicroelectronics.X-CUBE-SFXS2LP1.4.0.0
2025-10-28 17:22:04,804 [WARN] ConditionMgr:438 - getConditionDescription Invalid condition id : UX DEVICE CLASS RTOS Condition cause : null
2025-10-28 17:22:04,804 [WARN] ConditionMgr:438 - getConditionDescription Invalid condition id : UX DEVICE CLASS RTOS Condition cause : null
2025-10-28 17:22:04,805 [WARN] PackLoader:240 - Cannot read IP mode file for STMicroelectronics.X-CUBE-AZRTOS-WB.2.0.0
2025-10-28 17:22:04,805 [WARN] ConditionMgr:1044 - genDependencies : Invalid condition id : UX DEVICE CLASS RTOS Condition cause : null
2025-10-28 17:22:04,805 [WARN] ConditionMgr:1044 - genDependencies : Invalid condition id : UX DEVICE CLASS RTOS Condition cause : null
2025-10-28 17:22:04,806 [WARN] ConditionMgr:1044 - genDependencies : Invalid condition id : UX DEVICE CLASS RTOS Condition cause : null
2025-10-28 17:22:04,806 [WARN] ConditionMgr:1044 - genDependencies : Invalid condition id : UX DEVICE CLASS RTOS Condition cause : null
2025-10-28 17:22:04,806 [WARN] ConditionMgr:1044 - genDependencies : Invalid condition id : UX DEVICE CLASS RTOS Condition cause : null
2025-10-28 17:22:04,817 [WARN] PackLoader:240 - Cannot read IP mode file for STMicroelectronics.X-CUBE-GNSS1.7.0.1
2025-10-28 17:22:04,823 [WARN] PackLoader:240 - Cannot read IP mode file for STMicroelectronics.X-CUBE-TOUCHGFX.4.25.0
2025-10-28 17:22:04,828 [WARN] PackLoader:240 - Cannot read IP mode file for STMicroelectronics.FP-SNS-STBOX1.2.0.0
2025-10-28 17:22:04,849 [WARN] ConditionMgr:438 - getConditionDescription Invalid condition id : Cortex-A Device cause : null
2025-10-28 17:22:04,872 [WARN] ConditionMgr:1044 - genDependencies : Invalid condition id : Cortex-A Device cause : null
2025-10-28 17:22:04,873 [WARN] ConditionMgr:1044 - genDependencies : Invalid condition id : Cortex-A Device cause : null
2025-10-28 17:22:04,873 [WARN] ConditionMgr:1044 - genDependencies : Invalid condition id : Cortex-A Device cause : null
2025-10-28 17:22:04,884 [WARN] PackLoader:240 - Cannot read IP mode file for STMicroelectronics.X-CUBE-SUBG2.5.0.0
2025-10-28 17:22:04,908 [WARN] PackLoader:240 - Cannot read IP mode file for STMicroelectronics.X-CUBE-AZRTOS-H7RS.1.1.0
2025-10-28 17:22:04,925 [WARN] PackLoader:240 - Cannot read IP mode file for Cesanta.I-CUBE-Mongoose.7.13.0
2025-10-28 17:22:04,942 [WARN] PackLoader:240 - Cannot read IP mode file for STMicroelectronics.X-CUBE-AZRTOS-G4.2.0.0
2025-10-28 17:22:04,956 [WARN] PackLoader:240 - Cannot read IP mode file for wolfSSL.I-CUBE-wolfSSH.1.4.20
2025-10-28 17:22:04,967 [WARN] PackLoader:240 - Cannot read IP mode file for STMicroelectronics.X-CUBE-NFC7.2.0.0
2025-10-28 17:22:04,979 [WARN] PackLoader:240 - Cannot read IP mode file for STMicroelectronics.X-CUBE-IPS.3.1.0
2025-10-28 17:22:04,993 [WARN] PackLoader:240 - Cannot read IP mode file for STMicroelectronics.X-CUBE-ALS.1.0.2
2025-10-28 17:22:05,005 [WARN] PackLoader:240 - Cannot read IP mode file for STMicroelectronics.X-CUBE-STSE01.1.0.0
2025-10-28 17:22:05,026 [WARN] PackLoader:240 - Cannot read IP mode file for portGmbH.I-Cube-SoM-uGOAL.1.1.0
2025-10-28 17:22:05,047 [WARN] PackLoader:240 - Cannot read IP mode file for STMicroelectronics.X-CUBE-TOF1.3.4.3
2025-10-28 17:22:05,057 [INFO] ThirdParty:978 - Integrity check success = true
2025-10-28 17:22:05,057 [INFO] IntegrityCheckThread:100 - exiting critical section [integrity check]
2025-10-28 17:22:05,057 [INFO] IntegrityCheckThread:103 - End integrity checks thread
2025-10-28 17:22:05,372 [INFO] WebApp:169 - Instantiating new browser for Auth
2025-10-28 17:22:06,560 [INFO] WebApp:463 - Apply proxy settings
2025-10-28 17:22:06,560 [INFO] WebApp:548 - Chromium requires no authentication
2025-10-28 17:22:06,568 [INFO] WebApp:491 - Direct internet connection detected
2025-10-28 17:22:06,592 [INFO] WebApp:900 - Register for checkConnection events
2025-10-28 17:22:06,593 [INFO] WebApp:463 - Apply proxy settings
2025-10-28 17:22:06,593 [INFO] WebApp:548 - Chromium requires no authentication
2025-10-28 17:22:06,593 [INFO] WebApp:491 - Direct internet connection detected
2025-10-28 17:22:06,801 [INFO] WebApp:225 - Starting web application
2025-10-28 17:22:06,802 [INFO] WebApp:593 - Web application path used C:\ST\STM32CubeIDE_1.19.0\STM32CubeIDE\plugins\com.st.stm32cube.common.mx_6.15.0.202507011659\db\plugins\mcufinder\reactClient1\index.html
2025-10-28 17:22:06,817 [INFO] WebApp:191 - Connection restablished
2025-10-28 17:22:06,923 [INFO] UserAuth:487 - Internet connection configuration mode: 1
2025-10-28 17:40:47,205 [ERROR] LogOutputStream:75 - [STDERR_REDIRECT] 
2025-10-28 17:40:47,207 [ERROR] LogOutputStream:75 - [STDERR_REDIRECT] 
2025-10-28 18:31:32,520 [INFO] Activator:176 - 


2025-10-28 18:31:32,522 [INFO] Activator:177 - !SESSION log4j initialized
2025-10-28 18:31:42,835 [INFO] LogOutputStream:77 - [STDOUT_REDIRECT] 
2025-10-28 18:31:44,002 [INFO] ApplicationProperties:184 - Using Application install path: C:\ST\STM32CubeIDE_1.19.0\STM32CubeIDE\plugins\com.st.stm32cube.common.mx_6.15.0.202507011659
2025-10-28 18:31:44,028 [INFO] DbMcusXml:78 - Set database path to: C:\ST\STM32CubeIDE_1.19.0\STM32CubeIDE\plugins\com.st.stm32cube.common.mx_6.15.0.202507011659\\db\/mcu/
2025-10-28 18:31:44,028 [INFO] ApiDb:274 - Set plugin database path to: C:\ST\STM32CubeIDE_1.19.0\STM32CubeIDE\plugins\com.st.stm32cube.common.mx_6.15.0.202507011659\\db\/plugins/boardmanager/
2025-10-28 18:31:44,029 [WARN] ApiDb:259 - Overriding images path with different value:  => C:\ST\STM32CubeIDE_1.19.0\STM32CubeIDE\plugins\com.st.stm32cube.common.mx_6.15.0.202507011659\\db\/plugins/mcufinder/images/
2025-10-28 18:31:44,042 [INFO] ApiDb:250 - Set database path to: C:\Users\antgr\.stmcufinder\plugins\mcufinder//mcu/
2025-10-28 18:31:44,043 [INFO] DbMcusAds:125 - Set database path to: C:\Users\antgr\.stmcufinder\plugins\mcufinder//mcu/
2025-10-28 18:31:44,046 [INFO] CrossReferenceDbSqlite:203 - Set database path to: C:\Users\antgr\.stmcufinder\plugins\mcufinder//mcu/cs/
2025-10-28 18:31:44,169 [INFO] RulesReader:64 - Compatibility file has been processed (317 Rules)
2025-10-28 18:31:44,270 [INFO] DbMcusXml:78 - Set database path to: C:\ST\STM32CubeIDE_1.19.0\STM32CubeIDE\plugins\com.st.stm32cube.common.mx_6.15.0.202507011659\\db\/mcu/
2025-10-28 18:31:44,270 [INFO] ApiDb:274 - Set plugin database path to: C:\ST\STM32CubeIDE_1.19.0\STM32CubeIDE\plugins\com.st.stm32cube.common.mx_6.15.0.202507011659\\db\/plugins/boardmanager/
2025-10-28 18:31:44,270 [INFO] ApiDb:261 - Set plugin images path to: C:\ST\STM32CubeIDE_1.19.0\STM32CubeIDE\plugins\com.st.stm32cube.common.mx_6.15.0.202507011659\\db\/plugins/mcufinder/images/
2025-10-28 18:31:44,271 [WARN] DbFile:41 - Overriding database path with different value: C:\Users\antgr\.stmcufinder\plugins\mcufinder/ => C:\Users\antgr\.stmcufinder\plugins\mcufinder
2025-10-28 18:31:44,271 [INFO] ApiDb:250 - Set database path to: C:\Users\antgr\.stmcufinder\plugins\mcufinder//mcu/
2025-10-28 18:31:44,271 [WARN] DbFile:41 - Overriding database path with different value: C:\Users\antgr\.stmcufinder\plugins\mcufinder/ => C:\Users\antgr\.stmcufinder\plugins\mcufinder
2025-10-28 18:31:44,271 [INFO] DbMcusAds:125 - Set database path to: C:\Users\antgr\.stmcufinder\plugins\mcufinder//mcu/
2025-10-28 18:31:44,271 [WARN] DbFile:41 - Overriding database path with different value: C:\Users\antgr\.stmcufinder\plugins\mcufinder/ => C:\Users\antgr\.stmcufinder\plugins\mcufinder
2025-10-28 18:31:44,271 [WARN] DbFile:41 - Overriding database path with different value: C:\Users\antgr\.stmcufinder\plugins\mcufinder/ => C:\Users\antgr\.stmcufinder\plugins\mcufinder
2025-10-28 18:31:44,271 [INFO] CrossReferenceDbSqlite:203 - Set database path to: C:\Users\antgr\.stmcufinder\plugins\mcufinder//mcu/cs/
2025-10-28 18:31:44,361 [INFO] MainPanel:274 - HeapMemory: 268435456
2025-10-28 18:31:44,499 [INFO] DbMcusXml:78 - Set database path to: C:\ST\STM32CubeIDE_1.19.0\STM32CubeIDE\plugins\com.st.stm32cube.common.mx_6.15.0.202507011659\\db\/mcu/
2025-10-28 18:31:44,500 [INFO] ApiDb:274 - Set plugin database path to: C:\ST\STM32CubeIDE_1.19.0\STM32CubeIDE\plugins\com.st.stm32cube.common.mx_6.15.0.202507011659\\db\/plugins/boardmanager/
2025-10-28 18:31:44,500 [INFO] ApiDb:261 - Set plugin images path to: C:\ST\STM32CubeIDE_1.19.0\STM32CubeIDE\plugins\com.st.stm32cube.common.mx_6.15.0.202507011659\\db\/plugins/mcufinder/images/
2025-10-28 18:31:44,500 [WARN] DbFile:41 - Overriding database path with different value: C:\Users\antgr\.stmcufinder\plugins\mcufinder/ => C:\Users\antgr\.stmcufinder\plugins\mcufinder
2025-10-28 18:31:44,500 [INFO] ApiDb:250 - Set database path to: C:\Users\antgr\.stmcufinder\plugins\mcufinder//mcu/
2025-10-28 18:31:44,500 [WARN] DbFile:41 - Overriding database path with different value: C:\Users\antgr\.stmcufinder\plugins\mcufinder/ => C:\Users\antgr\.stmcufinder\plugins\mcufinder
2025-10-28 18:31:44,500 [INFO] DbMcusAds:125 - Set database path to: C:\Users\antgr\.stmcufinder\plugins\mcufinder//mcu/
2025-10-28 18:31:44,500 [WARN] DbFile:41 - Overriding database path with different value: C:\Users\antgr\.stmcufinder\plugins\mcufinder/ => C:\Users\antgr\.stmcufinder\plugins\mcufinder
2025-10-28 18:31:44,501 [WARN] DbFile:41 - Overriding database path with different value: C:\Users\antgr\.stmcufinder\plugins\mcufinder/ => C:\Users\antgr\.stmcufinder\plugins\mcufinder
2025-10-28 18:31:44,501 [INFO] CrossReferenceDbSqlite:203 - Set database path to: C:\Users\antgr\.stmcufinder\plugins\mcufinder//mcu/cs/
2025-10-28 18:31:44,522 [INFO] ApplicationProperties:184 - Using Application install path: C:\ST\STM32CubeIDE_1.19.0\STM32CubeIDE\plugins\com.st.stm32cube.common.mx_6.15.0.202507011659
2025-10-28 18:31:44,524 [INFO] PluginManage:196 - Search for loadable plugins [exclusion list=, ]
2025-10-28 18:31:44,526 [INFO] PluginManage:310 - Check plugin analytics
2025-10-28 18:31:44,793 [INFO] AnalyticsPlugin:253 - Accepted Software Licenses: STM32CubeMX.6.15.0
2025-10-28 18:31:44,793 [INFO] AnalyticsPlugin:255 - Accepted CMSIS Pack Licenses: 
2025-10-28 18:31:44,793 [INFO] AnalyticsPlugin:257 - Accepted Firmware Licenses: FW.C0.1.4.0
2025-10-28 18:31:44,798 [INFO] PluginManage:359 - Loaded plugin analytics (category:tool,tabindex:-1)
2025-10-28 18:31:44,799 [INFO] PluginManage:310 - Check plugin cadmodel
2025-10-28 18:31:44,810 [INFO] CADModel:105 - Init CAD model plugin
2025-10-28 18:31:44,810 [INFO] PluginManage:359 - Loaded plugin cadmodel (category:power,tabindex:5)
2025-10-28 18:31:44,810 [INFO] PluginManage:310 - Check plugin clock
2025-10-28 18:31:44,827 [INFO] PluginManage:359 - Loaded plugin clock (category:base,tabindex:2)
2025-10-28 18:31:44,827 [INFO] PluginManage:310 - Check plugin ddr
2025-10-28 18:31:44,832 [INFO] PluginManage:359 - Loaded plugin ddr (category:tool,tabindex:6)
2025-10-28 18:31:44,832 [INFO] PluginManage:310 - Check plugin filemanager
2025-10-28 18:31:45,052 [INFO] PluginManage:359 - Loaded plugin filemanager (category:base,tabindex:10)
2025-10-28 18:31:45,052 [INFO] PluginManage:310 - Check plugin ipmanager
2025-10-28 18:31:45,064 [INFO] PluginManage:359 - Loaded plugin ipmanager (category:base,tabindex:5)
2025-10-28 18:31:45,064 [INFO] PluginManage:310 - Check plugin lpbam
2025-10-28 18:31:45,075 [INFO] PluginManage:359 - Loaded plugin lpbam (category:base,tabindex:0)
2025-10-28 18:31:45,075 [INFO] PluginManage:310 - Check plugin memorymap
2025-10-28 18:31:45,100 [INFO] PluginManage:359 - Loaded plugin memorymap (category:base,tabindex:4)
2025-10-28 18:31:45,100 [INFO] PluginManage:310 - Check plugin pinoutandconfiguration
2025-10-28 18:31:45,112 [INFO] PluginManage:359 - Loaded plugin pinoutandconfiguration (category:base,tabindex:1)
2025-10-28 18:31:45,112 [INFO] PluginManage:310 - Check plugin pinoutconfig
2025-10-28 18:31:45,224 [WARN] SupportedApi:132 - Cannot load RTOS API schema: s4s-elt-must-match.1: The content of 'definitions' must match (annotation?, (simpleType | complexType)?, (unique | key | keyref)*)). A problem was found starting at: attribute.
2025-10-28 18:31:45,412 [INFO] PluginManage:359 - Loaded plugin pinoutconfig (category:base,tabindex:0)
2025-10-28 18:31:45,412 [INFO] PluginManage:310 - Check plugin power
2025-10-28 18:31:45,426 [INFO] PluginManage:359 - Loaded plugin power (category:power,tabindex:4)
2025-10-28 18:31:45,426 [INFO] PluginManage:310 - Check plugin projectmanager
2025-10-28 18:31:45,449 [INFO] PluginManage:359 - Loaded plugin projectmanager (category:projectmanager,tabindex:4)
2025-10-28 18:31:45,449 [INFO] PluginManage:310 - Check plugin rif
2025-10-28 18:31:45,466 [INFO] PluginManage:359 - Loaded plugin rif (category:base,tabindex:3)
2025-10-28 18:31:45,467 [INFO] PluginManage:310 - Check plugin thirdparty
2025-10-28 18:31:45,797 [INFO] PluginManage:359 - Loaded plugin thirdparty (category:base,tabindex:-1)
2025-10-28 18:31:45,796 [WARN] IntegrityCheckThread:84 - waiting for thirdparty lock release [integrity check]
2025-10-28 18:31:45,797 [INFO] PluginManage:310 - Check plugin tools
2025-10-28 18:31:45,797 [INFO] IntegrityCheckThread:86 - entering critical section [integrity check]
2025-10-28 18:31:45,798 [INFO] ThirdPartyUpdaterWithRetryManager:70 - Updater plugin not ready yet. [1/15]
2025-10-28 18:31:45,803 [INFO] PluginManage:359 - Loaded plugin tools (category:base,tabindex:7)
2025-10-28 18:31:45,803 [INFO] PluginManage:310 - Check plugin tutovideos
2025-10-28 18:31:46,133 [INFO] PluginManage:359 - Loaded plugin tutovideos (category:base,tabindex:-1)
2025-10-28 18:31:46,133 [INFO] PluginManage:310 - Check plugin updater
2025-10-28 18:31:46,164 [INFO] PluginManage:359 - Loaded plugin updater (category:base,tabindex:12)
2025-10-28 18:31:46,164 [INFO] PluginManage:310 - Check plugin userauth
2025-10-28 18:31:46,169 [INFO] UserAuth:118 - Init User Auth plugin
2025-10-28 18:31:46,170 [INFO] PluginManage:359 - Loaded plugin userauth (category:base,tabindex:14)
2025-10-28 18:31:46,171 [INFO] PluginManage:283 - PluginManage : Loaded plugins [18]
2025-10-28 18:31:46,421 [INFO] PinOutPanel:1589 - setPackage(No Configuration,No Configuration)
2025-10-28 18:31:46,508 [INFO] CADModel:165 - CPN selected for project level
2025-10-28 18:31:46,508 [INFO] CADModel:114 - Register for checkConnection events
2025-10-28 18:31:46,526 [INFO] IPUIPlugin:80 - create IPUIPlugin
2025-10-28 18:31:46,527 [INFO] PluginManager:220 - loadIPPluginJar : add adc
2025-10-28 18:31:46,530 [INFO] IPUIPlugin:80 - create IPUIPlugin
2025-10-28 18:31:46,530 [INFO] PluginManager:220 - loadIPPluginJar : add aes
2025-10-28 18:31:46,533 [INFO] IPUIPlugin:80 - create IPUIPlugin
2025-10-28 18:31:46,534 [INFO] PluginManager:220 - loadIPPluginJar : add can
2025-10-28 18:31:46,535 [INFO] IPUIPlugin:80 - create IPUIPlugin
2025-10-28 18:31:46,536 [INFO] PluginManager:220 - loadIPPluginJar : add comp
2025-10-28 18:31:46,538 [INFO] IPUIPlugin:80 - create IPUIPlugin
2025-10-28 18:31:46,538 [INFO] PluginManager:220 - loadIPPluginJar : add cryp
2025-10-28 18:31:46,542 [INFO] IPUIPlugin:80 - create IPUIPlugin
2025-10-28 18:31:46,542 [INFO] PluginManager:220 - loadIPPluginJar : add ddr_ctrl_phy
2025-10-28 18:31:46,544 [INFO] IPUIPlugin:80 - create IPUIPlugin
2025-10-28 18:31:46,544 [INFO] PluginManager:220 - loadIPPluginJar : add dfsdm
2025-10-28 18:31:46,550 [INFO] IPUIPlugin:80 - create IPUIPlugin
2025-10-28 18:31:46,550 [INFO] PluginManager:220 - loadIPPluginJar : add dma
2025-10-28 18:31:46,552 [INFO] IPUIPlugin:80 - create IPUIPlugin
2025-10-28 18:31:46,553 [INFO] PluginManager:220 - loadIPPluginJar : add dma3
2025-10-28 18:31:46,556 [INFO] IPUIPlugin:80 - create IPUIPlugin
2025-10-28 18:31:46,556 [INFO] PluginManager:220 - loadIPPluginJar : add extmemmanager
2025-10-28 18:31:46,558 [INFO] IPUIPlugin:80 - create IPUIPlugin
2025-10-28 18:31:46,558 [INFO] PluginManager:220 - loadIPPluginJar : add fatfs
2025-10-28 18:31:46,563 [INFO] IPUIPlugin:80 - create IPUIPlugin
2025-10-28 18:31:46,563 [INFO] PluginManager:220 - loadIPPluginJar : add fmc
2025-10-28 18:31:46,569 [INFO] IPUIPlugin:80 - create IPUIPlugin
2025-10-28 18:31:46,570 [INFO] PluginManager:220 - loadIPPluginJar : add freertos
2025-10-28 18:31:46,572 [INFO] IPUIPlugin:80 - create IPUIPlugin
2025-10-28 18:31:46,572 [INFO] PluginManager:220 - loadIPPluginJar : add genericplugin
2025-10-28 18:31:46,574 [INFO] IPUIPlugin:80 - create IPUIPlugin
2025-10-28 18:31:46,574 [INFO] PluginManager:220 - loadIPPluginJar : add gfxmmu
2025-10-28 18:31:46,579 [INFO] IPUIPlugin:80 - create IPUIPlugin
2025-10-28 18:31:46,579 [INFO] PluginManager:220 - loadIPPluginJar : add gic
2025-10-28 18:31:46,583 [INFO] IPUIPlugin:80 - create IPUIPlugin
2025-10-28 18:31:46,583 [INFO] PluginManager:220 - loadIPPluginJar : add gpio
2025-10-28 18:31:46,586 [INFO] IPUIPlugin:80 - create IPUIPlugin
2025-10-28 18:31:46,586 [INFO] PluginManager:220 - loadIPPluginJar : add gtzc
2025-10-28 18:31:46,590 [INFO] IPUIPlugin:80 - create IPUIPlugin
2025-10-28 18:31:46,590 [INFO] PluginManager:220 - loadIPPluginJar : add hash
2025-10-28 18:31:46,592 [INFO] IPUIPlugin:80 - create IPUIPlugin
2025-10-28 18:31:46,592 [INFO] PluginManager:220 - loadIPPluginJar : add i2c
2025-10-28 18:31:46,594 [INFO] IPUIPlugin:80 - create IPUIPlugin
2025-10-28 18:31:46,595 [INFO] PluginManager:220 - loadIPPluginJar : add i2s
2025-10-28 18:31:46,598 [INFO] IPUIPlugin:80 - create IPUIPlugin
2025-10-28 18:31:46,598 [INFO] PluginManager:220 - loadIPPluginJar : add i3c
2025-10-28 18:31:46,601 [INFO] IPUIPlugin:80 - create IPUIPlugin
2025-10-28 18:31:46,601 [INFO] PluginManager:220 - loadIPPluginJar : add ipddr
2025-10-28 18:31:46,609 [INFO] IPUIPlugin:80 - create IPUIPlugin
2025-10-28 18:31:46,609 [INFO] PluginManager:220 - loadIPPluginJar : add linkedlist
2025-10-28 18:31:46,613 [INFO] IPUIPlugin:80 - create IPUIPlugin
2025-10-28 18:31:46,613 [INFO] PluginManager:220 - loadIPPluginJar : add lorawan
2025-10-28 18:31:46,616 [INFO] IPUIPlugin:80 - create IPUIPlugin
2025-10-28 18:31:46,616 [INFO] PluginManager:220 - loadIPPluginJar : add ltdc
2025-10-28 18:31:46,621 [INFO] IPUIPlugin:80 - create IPUIPlugin
2025-10-28 18:31:46,621 [INFO] PluginManager:220 - loadIPPluginJar : add mdma
2025-10-28 18:31:46,625 [INFO] IPUIPlugin:80 - create IPUIPlugin
2025-10-28 18:31:46,625 [INFO] PluginManager:220 - loadIPPluginJar : add nvic
2025-10-28 18:31:46,628 [INFO] IPUIPlugin:80 - create IPUIPlugin
2025-10-28 18:31:46,628 [INFO] PluginManager:220 - loadIPPluginJar : add opamp
2025-10-28 18:31:46,632 [INFO] IPUIPlugin:80 - create IPUIPlugin
2025-10-28 18:31:46,632 [INFO] PluginManager:220 - loadIPPluginJar : add openamp
2025-10-28 18:31:46,634 [INFO] IPUIPlugin:80 - create IPUIPlugin
2025-10-28 18:31:46,635 [INFO] PluginManager:220 - loadIPPluginJar : add pdm2pcm
2025-10-28 18:31:46,641 [INFO] IPUIPlugin:80 - create IPUIPlugin
2025-10-28 18:31:46,642 [INFO] PluginManager:220 - loadIPPluginJar : add plateformsettings
2025-10-28 18:31:46,644 [INFO] IPUIPlugin:80 - create IPUIPlugin
2025-10-28 18:31:46,644 [INFO] PluginManager:220 - loadIPPluginJar : add quadspi
2025-10-28 18:31:46,646 [INFO] IPUIPlugin:80 - create IPUIPlugin
2025-10-28 18:31:46,647 [INFO] PluginManager:220 - loadIPPluginJar : add radio
2025-10-28 18:31:46,651 [INFO] IPUIPlugin:80 - create IPUIPlugin
2025-10-28 18:31:46,651 [INFO] PluginManager:220 - loadIPPluginJar : add resmgrutility
2025-10-28 18:31:46,654 [INFO] IPUIPlugin:80 - create IPUIPlugin
2025-10-28 18:31:46,654 [INFO] PluginManager:220 - loadIPPluginJar : add sai
2025-10-28 18:31:46,657 [INFO] IPUIPlugin:80 - create IPUIPlugin
2025-10-28 18:31:46,657 [INFO] PluginManager:220 - loadIPPluginJar : add spi
2025-10-28 18:31:46,662 [INFO] IPUIPlugin:80 - create IPUIPlugin
2025-10-28 18:31:46,662 [INFO] PluginManager:220 - loadIPPluginJar : add stm32_wpan
2025-10-28 18:31:46,664 [INFO] IPUIPlugin:80 - create IPUIPlugin
2025-10-28 18:31:46,664 [INFO] PluginManager:220 - loadIPPluginJar : add tim
2025-10-28 18:31:46,668 [INFO] IPUIPlugin:80 - create IPUIPlugin
2025-10-28 18:31:46,668 [INFO] PluginManager:220 - loadIPPluginJar : add touchsensing
2025-10-28 18:31:46,670 [INFO] IPUIPlugin:80 - create IPUIPlugin
2025-10-28 18:31:46,671 [INFO] PluginManager:220 - loadIPPluginJar : add tracer_emb
2025-10-28 18:31:46,673 [INFO] IPUIPlugin:80 - create IPUIPlugin
2025-10-28 18:31:46,673 [INFO] PluginManager:220 - loadIPPluginJar : add ts
2025-10-28 18:31:46,675 [INFO] IPUIPlugin:80 - create IPUIPlugin
2025-10-28 18:31:46,675 [INFO] PluginManager:220 - loadIPPluginJar : add tsc
2025-10-28 18:31:46,676 [INFO] IPUIPlugin:80 - create IPUIPlugin
2025-10-28 18:31:46,676 [INFO] PluginManager:220 - loadIPPluginJar : add ucpd
2025-10-28 18:31:46,679 [INFO] IPUIPlugin:80 - create IPUIPlugin
2025-10-28 18:31:46,679 [INFO] PluginManager:220 - loadIPPluginJar : add usart
2025-10-28 18:31:46,683 [INFO] IPUIPlugin:80 - create IPUIPlugin
2025-10-28 18:31:46,683 [INFO] PluginManager:220 - loadIPPluginJar : add usbx
2025-10-28 18:31:46,823 [FATAL] Updater:351 - Updater called before beeing initialized
2025-10-28 18:31:46,854 [INFO] RulesReader:64 - Compatibility file has been processed (317 Rules)
2025-10-28 18:31:46,862 [INFO] RulesReader:64 - Compatibility file has been processed (317 Rules)
2025-10-28 18:31:46,871 [INFO] CADModel:165 - CPN selected for project level
2025-10-28 18:31:46,871 [INFO] CADModel:114 - Register for checkConnection events
2025-10-28 18:31:46,871 [FATAL] Updater:351 - Updater called before beeing initialized
2025-10-28 18:31:46,871 [ERROR] CADModel:125 - Updater not yet initialized, retry later 
2025-10-28 18:31:47,071 [FATAL] Updater:351 - Updater called before beeing initialized
2025-10-28 18:31:47,073 [INFO] CADModel:165 - CPN selected for project level
2025-10-28 18:31:47,074 [INFO] CADModel:114 - Register for checkConnection events
2025-10-28 18:31:47,074 [FATAL] Updater:351 - Updater called before beeing initialized
2025-10-28 18:31:47,074 [ERROR] CADModel:125 - Updater not yet initialized, retry later 
2025-10-28 18:31:47,077 [FATAL] Updater:351 - Updater called before beeing initialized
2025-10-28 18:31:47,222 [FATAL] Updater:351 - Updater called before beeing initialized
2025-10-28 18:31:47,236 [INFO] DbMcusAds:53 - JSON generation date=Thu Oct 02 05:36:05 EDT 2025 (1759397765645)
2025-10-28 18:31:47,236 [FATAL] Updater:351 - Updater called before beeing initialized
2025-10-28 18:31:47,291 [WARN] DetailPanel:346 - Failed to get advertising image, set to default
2025-10-28 18:31:47,380 [FATAL] Updater:351 - Updater called before beeing initialized
2025-10-28 18:31:47,383 [FATAL] Updater:351 - Updater called before beeing initialized
2025-10-28 18:31:47,383 [FATAL] Updater:351 - Updater called before beeing initialized
2025-10-28 18:31:47,383 [WARN] DetailPanel:346 - Failed to get advertising image, set to default
2025-10-28 18:31:47,384 [FATAL] Updater:351 - Updater called before beeing initialized
2025-10-28 18:31:47,430 [ERROR] Updater:1198 - MainUpdater not yet initialized. External WinMGr cannot be set.
2025-10-28 18:31:47,432 [INFO] Updater:1134 - Updater Version found : 6.15.0
2025-10-28 18:31:47,450 [INFO] ApplicationProperties:184 - Using Application install path: C:\ST\STM32CubeIDE_1.19.0\STM32CubeIDE\plugins\com.st.stm32cube.common.mx_6.15.0.202507011659
2025-10-28 18:31:48,799 [INFO] ThirdPartyUpdaterWithRetryManager:70 - Updater plugin not ready yet. [2/15]
2025-10-28 18:31:49,029 [ERROR] LogOutputStream:75 - [STDERR_REDIRECT] Oct 28, 2025 6:31:49 PM java.util.prefs.WindowsPreferences <init>
2025-10-28 18:31:49,030 [ERROR] LogOutputStream:75 - [STDERR_REDIRECT] WARNING: Could not open/create prefs root node Software\JavaSoft\Prefs at root 0xffffffff80000002. Windows RegCreateKeyEx(...) returned error code 5.
2025-10-28 18:31:49,031 [ERROR] LogOutputStream:75 - [STDERR_REDIRECT] 
2025-10-28 18:31:49,386 [INFO] MainUpdater:2872 - connection check result : 10
2025-10-28 18:31:49,387 [INFO] MainUpdater:289 - Updater Check For Update Now.
2025-10-28 18:31:49,387 [INFO] MicroXplorer:498 - Change Database Version : DB.6.0.150
2025-10-28 18:31:49,397 [INFO] McuFinderGlobals:63 - Set McuFinder mode to 2 (CubeIDE integrated)
2025-10-28 18:31:49,399 [INFO] UserAuth:487 - Internet connection configuration mode: 1
2025-10-28 18:31:49,439 [INFO] JxBrowserEngine:152 - Initiate JxBrowser Engine with user profile folder
2025-10-28 18:31:49,559 [INFO] CheckServerUpdateThread:120 - End of CheckServer Thread
2025-10-28 18:31:52,118 [WARN] PackLoader:240 - Cannot read IP mode file for STMicroelectronics.FP-SNS-MOTENVWB1.1.4.0
2025-10-28 18:31:52,138 [WARN] PackLoader:240 - Cannot read IP mode file for STMicroelectronics.FP-ATR-ASTRA1.2.0.2
2025-10-28 18:31:52,151 [WARN] PackLoader:240 - Cannot read IP mode file for STMicroelectronics.X-CUBE-SMBUS.2.1.0
2025-10-28 18:31:52,158 [WARN] PackLoader:240 - Cannot read IP mode file for STMicroelectronics.X-CUBE-ST60.1.0.0
2025-10-28 18:31:52,185 [WARN] PackLoader:240 - Cannot read IP mode file for STMicroelectronics.X-CUBE-AZRTOS-F7.1.1.0
2025-10-28 18:31:52,196 [WARN] PackLoader:240 - Cannot read IP mode file for STMicroelectronics.FP-SNS-MOTENV1.5.1.0
2025-10-28 18:31:52,221 [WARN] PackLoader:240 - Cannot read IP mode file for Infineon.AIROC-Wi-Fi-Bluetooth-STM32.1.7.1
2025-10-28 18:31:52,244 [WARN] PackLoader:240 - Cannot read IP mode file for STMicroelectronics.X-CUBE-AZRTOS-H7.3.4.0
2025-10-28 18:31:52,255 [WARN] PackLoader:240 - Cannot read IP mode file for STMicroelectronics.X-CUBE-DISPLAY.3.0.0
2025-10-28 18:31:52,266 [WARN] PackLoader:240 - Cannot read IP mode file for STMicroelectronics.X-CUBE-NFC10.1.0.0
2025-10-28 18:31:52,271 [WARN] PackLoader:240 - Cannot read IP mode file for STMicroelectronics.X-CUBE-ST60.1.1.0
2025-10-28 18:31:52,280 [WARN] PackLoader:240 - Cannot read IP mode file for emotas.I-CUBE-CANOPEN.1.3.0
2025-10-28 18:31:52,287 [WARN] PackLoader:240 - Cannot read IP mode file for STMicroelectronics.FP-SNS-STBOX1.2.1.0
2025-10-28 18:31:52,293 [WARN] PackLoader:240 - Cannot read IP mode file for STMicroelectronics.FP-SNS-SMARTAG2.1.2.0
2025-10-28 18:31:52,298 [WARN] PackLoader:240 - Cannot read IP mode file for STMicroelectronics.FP-SNS-FLIGHT1.5.1.0
2025-10-28 18:31:52,305 [INFO] LogOutputStream:77 - [STDOUT_REDIRECT] 1 : Invalid condition id : UX_CORESTACK_Condition cause : null
2025-10-28 18:31:52,306 [INFO] LogOutputStream:77 - [STDOUT_REDIRECT] 1 : Invalid condition id : UX_CORESTACK_Condition cause : null
2025-10-28 18:31:52,307 [INFO] LogOutputStream:77 - [STDOUT_REDIRECT] 1 : Invalid condition id : UX_CORESTACK_Condition cause : null
2025-10-28 18:31:52,308 [INFO] LogOutputStream:77 - [STDOUT_REDIRECT] 1 : Invalid condition id : UX_CORESTACK_Condition cause : null
2025-10-28 18:31:52,309 [INFO] LogOutputStream:77 - [STDOUT_REDIRECT] 1 : Invalid condition id : UX_CORESTACK_Condition cause : null
2025-10-28 18:31:52,310 [WARN] PackLoader:240 - Cannot read IP mode file for STMicroelectronics.X-CUBE-AZRTOS-WL.2.0.0
2025-10-28 18:31:52,314 [WARN] PackLoader:240 - Cannot read IP mode file for STMicroelectronics.FP-SNS-MOTENV1.5.0.0
2025-10-28 18:31:52,324 [WARN] PackLoader:240 - Cannot read IP mode file for WES.I-CUBE-Cesium.1.3.0
2025-10-28 18:31:52,332 [WARN] PackLoader:240 - Cannot read IP mode file for STMicroelectronics.X-CUBE-BLE2.3.3.0
2025-10-28 18:31:52,338 [WARN] PackLoader:240 - Cannot read IP mode file for STMicroelectronics.X-CUBE-NFC9.1.0.0
2025-10-28 18:31:52,346 [WARN] PackLoader:240 - Cannot read IP mode file for wolfSSL.I-CUBE-wolfSSL.5.8.2
2025-10-28 18:31:52,353 [WARN] PackLoader:240 - Cannot read IP mode file for STMicroelectronics.X-CUBE-BLE1.7.1.0
2025-10-28 18:31:52,359 [WARN] PackLoader:240 - Cannot read IP mode file for wolfSSL.I-CUBE-wolfMQTT.1.19.2
2025-10-28 18:31:52,366 [WARN] PackLoader:240 - Cannot read IP mode file for STMicroelectronics.X-CUBE-ST67W61.1.1.0
2025-10-28 18:31:52,379 [WARN] PackLoader:240 - Cannot read IP mode file for STMicroelectronics.X-CUBE-AI.10.1.0
2025-10-28 18:31:52,393 [WARN] PackLoader:240 - Cannot read IP mode file for STMicroelectronics.X-CUBE-AZRTOS-G0.1.1.0
2025-10-28 18:31:52,401 [WARN] PackLoader:240 - Cannot read IP mode file for STMicroelectronics.X-CUBE-SAFEA1.1.2.2
2025-10-28 18:31:52,431 [WARN] PackLoader:240 - Cannot read IP mode file for STMicroelectronics.X-CUBE-NFC4.3.0.0
2025-10-28 18:31:52,446 [WARN] PackLoader:240 - Cannot read IP mode file for EmbeddedOffice.I-CUBE-FS-RTOS.1.0.1
2025-10-28 18:31:52,457 [WARN] PackLoader:240 - Cannot read IP mode file for STMicroelectronics.X-CUBE-WB05N.2.0.0
2025-10-28 18:31:52,464 [WARN] PackLoader:240 - Cannot read IP mode file for wolfSSL.I-CUBE-wolfTPM.3.8.0
2025-10-28 18:31:52,473 [WARN] PackLoader:240 - Cannot read IP mode file for STMicroelectronics.X-CUBE-TCPP.4.2.0
2025-10-28 18:31:52,482 [WARN] PackLoader:240 - Cannot read IP mode file for RealThread.X-CUBE-RT-Thread_Nano.4.1.1
2025-10-28 18:31:52,488 [WARN] PackLoader:240 - Cannot read IP mode file for STMicroelectronics.FP-ATR-SIGFOX1.3.2.0
2025-10-28 18:31:52,496 [WARN] PackLoader:240 - Cannot read IP mode file for ITTIA_DB.I-CUBE-ITTIADB.8.9.0
2025-10-28 18:31:52,505 [WARN] PackLoader:240 - Cannot read IP mode file for STMicroelectronics.X-CUBE-ST67W61.1.0.0
2025-10-28 18:31:52,509 [WARN] PackLoader:240 - Cannot read IP mode file for STMicroelectronics.X-CUBE-AI.10.2.0
2025-10-28 18:31:52,530 [WARN] PackLoader:240 - Cannot read IP mode file for SEGGER.I-CUBE-embOS.1.3.1
2025-10-28 18:31:52,563 [WARN] PackLoader:240 - Cannot read IP mode file for STMicroelectronics.X-CUBE-ALGOBUILD.1.4.0
2025-10-28 18:31:52,574 [INFO] WebApp:169 - Instantiating new browser for Auth
2025-10-28 18:31:52,596 [WARN] PackLoader:240 - Cannot read IP mode file for STMicroelectronics.X-CUBE-MEMS1.11.3.0
2025-10-28 18:31:52,704 [WARN] PackLoader:240 - Cannot read IP mode file for STMicroelectronics.X-CUBE-PM33A1.1.0.0
2025-10-28 18:31:52,715 [WARN] PackLoader:240 - Cannot read IP mode file for STMicroelectronics.X-CUBE-AZRTOS-F4.1.1.0
2025-10-28 18:31:52,728 [WARN] PackLoader:240 - Cannot read IP mode file for Avnet-IotConnect.X-CUBE-IoTC-DA16k-PMOD.1.0.0
2025-10-28 18:31:52,737 [WARN] PackLoader:240 - Cannot read IP mode file for STMicroelectronics.X-CUBE-ISPU.2.1.0
2025-10-28 18:31:52,747 [WARN] PackLoader:240 - Cannot read IP mode file for STMicroelectronics.X-CUBE-IPS.3.2.0
2025-10-28 18:31:52,763 [WARN] PackLoader:240 - Cannot read IP mode file for STMicroelectronics.X-CUBE-AZRTOS-L5.2.0.0
2025-10-28 18:31:52,771 [WARN] PackLoader:240 - Cannot read IP mode file for STMicroelectronics.X-CUBE-NFC6.3.1.0
2025-10-28 18:31:52,779 [WARN] PackLoader:240 - Cannot read IP mode file for STMicroelectronics.X-CUBE-FREERTOS.1.3.1
2025-10-28 18:31:52,788 [WARN] PackLoader:240 - Cannot read IP mode file for STMicroelectronics.X-CUBE-TOUCHGFX.4.26.0
2025-10-28 18:31:52,794 [WARN] PackLoader:240 - Cannot read IP mode file for STMicroelectronics.X-CUBE-DPower.1.3.0
2025-10-28 18:31:52,806 [WARN] ConditionMgr:438 - getConditionDescription Invalid condition id : LAN8742 Phy interface Condition cause : null
2025-10-28 18:31:52,807 [WARN] PackLoader:240 - Cannot read IP mode file for STMicroelectronics.X-CUBE-AZRTOS-L4.2.0.0
2025-10-28 18:31:52,807 [WARN] ConditionMgr:1044 - genDependencies : Invalid condition id : LAN8742 Phy interface Condition cause : null
2025-10-28 18:31:52,808 [WARN] ConditionMgr:1044 - genDependencies : Invalid condition id : LAN8742 Phy interface Condition cause : null
2025-10-28 18:31:52,808 [WARN] ConditionMgr:1044 - genDependencies : Invalid condition id : LAN8742 Phy interface Condition cause : null
2025-10-28 18:31:52,817 [WARN] PackLoader:240 - Cannot read IP mode file for STMicroelectronics.X-CUBE-SFXS2LP1.4.0.0
2025-10-28 18:31:52,828 [WARN] ConditionMgr:438 - getConditionDescription Invalid condition id : UX DEVICE CLASS RTOS Condition cause : null
2025-10-28 18:31:52,828 [WARN] ConditionMgr:438 - getConditionDescription Invalid condition id : UX DEVICE CLASS RTOS Condition cause : null
2025-10-28 18:31:52,830 [WARN] PackLoader:240 - Cannot read IP mode file for STMicroelectronics.X-CUBE-AZRTOS-WB.2.0.0
2025-10-28 18:31:52,830 [WARN] ConditionMgr:1044 - genDependencies : Invalid condition id : UX DEVICE CLASS RTOS Condition cause : null
2025-10-28 18:31:52,831 [WARN] ConditionMgr:1044 - genDependencies : Invalid condition id : UX DEVICE CLASS RTOS Condition cause : null
2025-10-28 18:31:52,831 [WARN] ConditionMgr:1044 - genDependencies : Invalid condition id : UX DEVICE CLASS RTOS Condition cause : null
2025-10-28 18:31:52,831 [WARN] ConditionMgr:1044 - genDependencies : Invalid condition id : UX DEVICE CLASS RTOS Condition cause : null
2025-10-28 18:31:52,831 [WARN] ConditionMgr:1044 - genDependencies : Invalid condition id : UX DEVICE CLASS RTOS Condition cause : null
2025-10-28 18:31:52,839 [WARN] PackLoader:240 - Cannot read IP mode file for STMicroelectronics.X-CUBE-GNSS1.7.0.1
2025-10-28 18:31:52,843 [WARN] PackLoader:240 - Cannot read IP mode file for STMicroelectronics.X-CUBE-TOUCHGFX.4.25.0
2025-10-28 18:31:52,849 [WARN] PackLoader:240 - Cannot read IP mode file for STMicroelectronics.FP-SNS-STBOX1.2.0.0
2025-10-28 18:31:52,859 [WARN] ConditionMgr:438 - getConditionDescription Invalid condition id : Cortex-A Device cause : null
2025-10-28 18:31:52,878 [WARN] ConditionMgr:1044 - genDependencies : Invalid condition id : Cortex-A Device cause : null
2025-10-28 18:31:52,878 [WARN] ConditionMgr:1044 - genDependencies : Invalid condition id : Cortex-A Device cause : null
2025-10-28 18:31:52,878 [WARN] ConditionMgr:1044 - genDependencies : Invalid condition id : Cortex-A Device cause : null
2025-10-28 18:31:52,889 [WARN] PackLoader:240 - Cannot read IP mode file for STMicroelectronics.X-CUBE-SUBG2.5.0.0
2025-10-28 18:31:52,908 [WARN] PackLoader:240 - Cannot read IP mode file for STMicroelectronics.X-CUBE-AZRTOS-H7RS.1.1.0
2025-10-28 18:31:52,916 [WARN] PackLoader:240 - Cannot read IP mode file for Cesanta.I-CUBE-Mongoose.7.13.0
2025-10-28 18:31:52,931 [WARN] PackLoader:240 - Cannot read IP mode file for STMicroelectronics.X-CUBE-AZRTOS-G4.2.0.0
2025-10-28 18:31:52,937 [WARN] PackLoader:240 - Cannot read IP mode file for wolfSSL.I-CUBE-wolfSSH.1.4.20
2025-10-28 18:31:52,942 [WARN] PackLoader:240 - Cannot read IP mode file for STMicroelectronics.X-CUBE-NFC7.2.0.0
2025-10-28 18:31:52,952 [WARN] PackLoader:240 - Cannot read IP mode file for STMicroelectronics.X-CUBE-IPS.3.1.0
2025-10-28 18:31:52,960 [WARN] PackLoader:240 - Cannot read IP mode file for STMicroelectronics.X-CUBE-ALS.1.0.2
2025-10-28 18:31:52,967 [WARN] PackLoader:240 - Cannot read IP mode file for STMicroelectronics.X-CUBE-STSE01.1.0.0
2025-10-28 18:31:52,974 [WARN] PackLoader:240 - Cannot read IP mode file for portGmbH.I-Cube-SoM-uGOAL.1.1.0
2025-10-28 18:31:52,982 [WARN] PackLoader:240 - Cannot read IP mode file for STMicroelectronics.X-CUBE-TOF1.3.4.3
2025-10-28 18:31:52,995 [INFO] ThirdParty:978 - Integrity check success = true
2025-10-28 18:31:52,995 [INFO] IntegrityCheckThread:100 - exiting critical section [integrity check]
2025-10-28 18:31:52,995 [INFO] IntegrityCheckThread:103 - End integrity checks thread
2025-10-28 18:31:53,757 [INFO] WebApp:463 - Apply proxy settings
2025-10-28 18:31:53,758 [INFO] WebApp:548 - Chromium requires no authentication
2025-10-28 18:31:53,768 [INFO] WebApp:491 - Direct internet connection detected
2025-10-28 18:31:53,797 [INFO] WebApp:900 - Register for checkConnection events
2025-10-28 18:31:53,797 [INFO] WebApp:463 - Apply proxy settings
2025-10-28 18:31:53,797 [INFO] WebApp:548 - Chromium requires no authentication
2025-10-28 18:31:53,798 [INFO] WebApp:491 - Direct internet connection detected
2025-10-28 18:31:53,986 [INFO] WebApp:191 - Connection restablished
2025-10-28 18:31:54,031 [INFO] WebApp:225 - Starting web application
2025-10-28 18:31:54,032 [INFO] WebApp:593 - Web application path used C:\ST\STM32CubeIDE_1.19.0\STM32CubeIDE\plugins\com.st.stm32cube.common.mx_6.15.0.202507011659\db\plugins\mcufinder\reactClient1\index.html
2025-10-28 18:31:54,133 [INFO] UserAuth:487 - Internet connection configuration mode: 1
